[0;34m[INFO][0m 2025-09-20 16:18:19 - Starting detailed business logic testing...
[0;34m[INFO][0m 2025-09-20 16:18:19 - Log file: /Applications/XAMPP/xamppfiles/htdocs/zenamanage/logs/detailed-business-test-20250920-161819.log
[0;34m[INFO][0m 2025-09-20 16:18:19 - Testing Authentication Business Logic...
[0;31m[ERROR][0m 2025-09-20 16:18:19 - Test 'Valid Login' FAILED: User cannot login with valid credentials
[0;34m[INFO][0m 2025-09-20 16:18:19 - Testing User Management Business Logic...
[0;31m[ERROR][0m 2025-09-20 16:18:19 - Cannot get admin token for user management tests
[0;34m[INFO][0m 2025-09-20 16:18:19 - Testing Project Management Business Logic...
[0;31m[ERROR][0m 2025-09-20 16:18:19 - Cannot get admin token for project management tests
[0;34m[INFO][0m 2025-09-20 16:18:19 - Testing Task Management Business Logic...
[0;31m[ERROR][0m 2025-09-20 16:18:19 - Cannot get admin token for task management tests
[0;34m[INFO][0m 2025-09-20 16:18:19 - Testing RBAC Business Logic...
[0;31m[ERROR][0m 2025-09-20 16:18:19 - Cannot get admin token for RBAC tests
[0;34m[INFO][0m 2025-09-20 16:18:19 - Testing Security Business Logic...
[0;31m[ERROR][0m 2025-09-20 16:18:19 - Test 'CSRF Protection' FAILED: CSRF protection is not working
[0;31m[ERROR][0m 2025-09-20 16:18:19 - Test 'Input Sanitization' FAILED: Input sanitization is not working
[0;31m[ERROR][0m 2025-09-20 16:18:19 - Test 'SQL Injection Protection' FAILED: SQL injection protection is not working
[0;34m[INFO][0m 2025-09-20 16:18:19 - Testing Performance Business Logic...
[0;32m[SUCCESS][0m 2025-09-20 16:18:20 - Test 'API Response Time' PASSED: API response time is acceptable: 48ms
[0;31m[ERROR][0m 2025-09-20 16:18:20 - Test 'Database Connection' FAILED: Database connection is not working
[0;32m[SUCCESS][0m 2025-09-20 16:18:20 - Test 'Cache Performance' PASSED: Cache performance is good: 43ms
[0;34m[INFO][0m 2025-09-20 16:18:20 - Detailed business logic testing completed!
[0;34m[INFO][0m 2025-09-20 16:18:20 - Total tests: 7
[0;34m[INFO][0m 2025-09-20 16:18:20 - Passed: 2
[0;34m[INFO][0m 2025-09-20 16:18:20 - Failed: 5
[0;31m[ERROR][0m 2025-09-20 16:18:20 - 5 tests FAILED. Please review the results and fix issues.
